proguard/mapping.txt
net.openfiresecurity.ofsdoser.Hashdostester -> net.openfiresecurity.ofsdoser.Hashdostester:
    int[] states -> k
    java.util.List javaH -> l
    java.util.List phpH -> m
    int packetsize -> a
    int threads -> b
    java.lang.Thread t -> n
    android.widget.RadioButton rbJava -> o
    android.widget.ToggleButton tb -> c
    android.widget.ProgressBar cpb -> d
    android.widget.EditText etTarget -> e
    android.widget.SeekBar sbThreads -> f
    android.widget.SeekBar sbPacketSize -> g
    boolean shouldRun -> h
    android.widget.ImageButton ibHashHelp -> p
    android.widget.TextView tvPacketSize -> q
    android.widget.TextView tvThreads -> r
    int[] col -> i
    boolean showStartupDialog -> j
    void setScreen() -> d
    boolean onKeyUp(int,android.view.KeyEvent) -> onKeyUp
    void showExitDialog() -> e
    void onCreate(android.os.Bundle) -> onCreate
    void onPause() -> onPause
    void getPrefs() -> f
    void startThread() -> a
    void stopThread() -> b
    void setupElements() -> g
    void makeToast(java.lang.String) -> a
    void set(int,int) -> a
    java.lang.String getPost(java.util.List,int) -> a
    void run() -> run
    void updatePlease() -> h
    java.lang.String getVersionName() -> c
    void access$0(net.openfiresecurity.ofsdoser.Hashdostester) -> a
    void access$1(net.openfiresecurity.ofsdoser.Hashdostester,java.lang.String) -> a
    android.widget.TextView access$2(net.openfiresecurity.ofsdoser.Hashdostester) -> b
net.openfiresecurity.ofsdoser.Hashdostester$1 -> net.openfiresecurity.ofsdoser.a:
    net.openfiresecurity.ofsdoser.Hashdostester this$0 -> a
    void onClick(android.view.View) -> onClick
net.openfiresecurity.ofsdoser.Hashdostester$2 -> net.openfiresecurity.ofsdoser.b:
    net.openfiresecurity.ofsdoser.Hashdostester this$0 -> a
    void onClick(android.view.View) -> onClick
net.openfiresecurity.ofsdoser.Hashdostester$3 -> net.openfiresecurity.ofsdoser.c:
    net.openfiresecurity.ofsdoser.Hashdostester this$0 -> a
    void onClick(android.content.DialogInterface,int) -> onClick
net.openfiresecurity.ofsdoser.Hashdostester$4 -> net.openfiresecurity.ofsdoser.d:
    net.openfiresecurity.ofsdoser.Hashdostester this$0 -> a
    void onClick(android.content.DialogInterface,int) -> onClick
net.openfiresecurity.ofsdoser.Hashdostester$5 -> net.openfiresecurity.ofsdoser.e:
    net.openfiresecurity.ofsdoser.Hashdostester this$0 -> a
    void onClick(android.content.DialogInterface,int) -> onClick
net.openfiresecurity.ofsdoser.Hashdostester$6 -> net.openfiresecurity.ofsdoser.f:
    net.openfiresecurity.ofsdoser.Hashdostester this$0 -> a
    void onCheckedChanged(android.widget.CompoundButton,boolean) -> onCheckedChanged
    boolean checkArguments() -> a
net.openfiresecurity.ofsdoser.Hashdostester$7 -> net.openfiresecurity.ofsdoser.g:
    net.openfiresecurity.ofsdoser.Hashdostester this$0 -> a
    void onProgressChanged(android.widget.SeekBar,int,boolean) -> onProgressChanged
    void onStartTrackingTouch(android.widget.SeekBar) -> onStartTrackingTouch
    void onStopTrackingTouch(android.widget.SeekBar) -> onStopTrackingTouch
net.openfiresecurity.ofsdoser.Hashdostester$8 -> net.openfiresecurity.ofsdoser.h:
    net.openfiresecurity.ofsdoser.Hashdostester this$0 -> a
    void onProgressChanged(android.widget.SeekBar,int,boolean) -> onProgressChanged
    void onStartTrackingTouch(android.widget.SeekBar) -> onStartTrackingTouch
    void onStopTrackingTouch(android.widget.SeekBar) -> onStopTrackingTouch
net.openfiresecurity.ofsdoser.Hashdostester$9 -> net.openfiresecurity.ofsdoser.i:
    net.openfiresecurity.ofsdoser.Hashdostester this$0 -> a
    void onClick(android.view.View) -> onClick
net.openfiresecurity.ofsdoser.Hashdostester$9$1 -> net.openfiresecurity.ofsdoser.j:
    net.openfiresecurity.ofsdoser.Hashdostester$9 this$1 -> a
    void onClick(android.content.DialogInterface,int) -> onClick
...
android.support.v4.view.ViewCompat$HCViewCompatImpl -> android.support.v4.view.t:
    long getFrameTime() -> a
    void setLayerType(android.view.View,int,android.graphics.Paint) -> a
android.support.v4.view.ViewCompat$ICSViewCompatImpl -> android.support.v4.view.u:
    boolean canScrollHorizontally(android.view.View,int) -> a
android.support.v4.view.ViewCompat$JBViewCompatImpl -> android.support.v4.view.v:
    void postInvalidateOnAnimation(android.view.View) -> b
    void postOnAnimation(android.view.View,java.lang.Runnable) -> a
android.support.v4.view.ViewCompat$JbMr1ViewCompatImpl -> android.support.v4.view.w:
android.support.v4.view.ViewCompat$ViewCompatImpl -> android.support.v4.view.x:
    boolean canScrollHorizontally(android.view.View,int) -> a
    int getOverScrollMode(android.view.View) -> a
    void postInvalidateOnAnimation(android.view.View) -> b
    void postOnAnimation(android.view.View,java.lang.Runnable) -> a
    void setLayerType(android.view.View,int,android.graphics.Paint) -> a
android.support.v4.view.ViewCompatGingerbread -> android.support.v4.view.y:
    int getOverScrollMode(android.view.View) -> a
android.support.v4.view.ViewCompatHC -> android.support.v4.view.z:
    long getFrameTime() -> a
    void setLayerType(android.view.View,int,android.graphics.Paint) -> a
android.support.v4.view.ViewCompatICS -> android.support.v4.view.aa:
    boolean canScrollHorizontally(android.view.View,int) -> a
android.support.v4.view.ViewCompatJB -> android.support.v4.view.ab:
    void postInvalidateOnAnimation(android.view.View) -> a
    void postOnAnimation(android.view.View,java.lang.Runnable) -> a
android.support.v4.view.ViewPager -> android.support.v4.view.ViewPager:
    int[] LAYOUT_ATTRS -> a
    java.util.Comparator COMPARATOR -> b
    android.view.animation.Interpolator sInterpolator -> c
    java.util.ArrayList mItems -> d
    android.support.v4.view.ViewPager$ItemInfo mTempItem -> e
    android.graphics.Rect mTempRect -> f
    android.support.v4.view.PagerAdapter mAdapter -> g
    int mCurItem -> h
    int mRestoredCurItem -> i
    android.os.Parcelable mRestoredAdapterState -> j
    java.lang.ClassLoader mRestoredClassLoader -> k
    android.widget.Scroller mScroller -> l
    android.support.v4.view.ViewPager$PagerObserver mObserver -> m
    int mPageMargin -> n
    android.graphics.drawable.Drawable mMarginDrawable -> o
    int mTopPageBounds -> p
    int mBottomPageBounds -> q
    float mFirstOffset -> r
    float mLastOffset -> s
    int mChildWidthMeasureSpec -> t
    int mChildHeightMeasureSpec -> u
    boolean mInLayout -> v
    boolean mScrollingCacheEnabled -> w
    boolean mPopulatePending -> x
    int mOffscreenPageLimit -> y
    boolean mIsBeingDragged -> z
    boolean mIsUnableToDrag -> A
    int mDefaultGutterSize -> B
    int mGutterSize -> C
    int mTouchSlop -> D
    float mInitialMotionX -> E
    float mLastMotionX -> F
    float mLastMotionY -> G
    int mActivePointerId -> H
    android.view.VelocityTracker mVelocityTracker -> I
    int mMinimumVelocity -> J
    int mMaximumVelocity -> K
    int mFlingDistance -> L
    int mCloseEnough -> M
android.support.v4.view.ViewPager$1 -> android.support.v4.view.ac:
    int compare(android.support.v4.view.ViewPager$ItemInfo,android.support.v4.view.ViewPager$ItemInfo) -> a
    int compare(java.lang.Object,java.lang.Object) -> compare
android.support.v4.view.ViewPager$2 -> android.support.v4.view.ad:
    float getInterpolation(float) -> getInterpolation
android.support.v4.view.ViewPager$Decor -> android.support.v4.view.ae:
android.support.v4.view.ViewPager$ItemInfo -> android.support.v4.view.af:
    java.lang.Object object -> a
    int position -> b
    boolean scrolling -> c
    float widthFactor -> d
    float offset -> e
android.support.v4.view.ViewPager$LayoutParams -> android.support.v4.view.ag:
    boolean isDecor -> a
    int gravity -> b
    float widthFactor -> c
    boolean needsMeasure -> d
    int position -> e
    int childIndex -> f